make all --print-data-base --no-builtin-variables --no-builtin-rules --question
make: *** No rule to make target 'all'.  Stop.
 
# GNU Make 4.2.1
# Built for x86_64-pc-linux-gnu
# Copyright (C) 1988-2016 Free Software Foundation, Inc.
# License GPLv3+: GNU GPL version 3 or later <http://gnu.org/licenses/gpl.html>
# This is free software: you are free to change and redistribute it.
# There is NO WARRANTY, to the extent permitted by law.

# Make data base, printed on Sat Aug 21 15:41:12 2021

# Variables

# automatic
<D = $(patsubst %/,%,$(dir $<))
# automatic
?F = $(notdir $?)
# environment
WSLENV = VSCODE_WSL_EXT_LOCATION/up
# default
.SHELLFLAGS := -c
# environment
VSCODE_AGENT_FOLDER = /home/thepiguy/.vscode-server
# environment
VSCODE_LOG_NATIVE = false
# automatic
?D = $(patsubst %/,%,$(dir $?))
# automatic
@D = $(patsubst %/,%,$(dir $@))
# automatic
@F = $(notdir $@)
# makefile
CURDIR := /home/thepiguy/wyvern
# makefile
SHELL = /bin/sh
# environment
VSCODE_NLS_CONFIG = {"locale":"en","availableLanguages":{}}
# makefile (from 'makefile', line 1)
MAKEFILE_LIST :=  makefile
# environment
OMF_PATH = /home/thepiguy/.local/share/omf
# 'override' directive
GNUMAKEFLAGS := 
# environment
NNN_PLUG = f:finder;o:fzopen;p:mocplay;d:diffs;t:nmount;v:imgview
# environment
VSCODE_VERBOSE_LOGGING = true
# environment
VSCODE_CWD = /mnt/c/Users/kunal/AppData/Local/Programs/Microsoft VS Code
# default
MAKE_HOST := x86_64-pc-linux-gnu
# environment
PATH = /home/thepiguy/.vscode-server/bin/3866c3553be8b268c8a7f8c0482c0c0177aa8bfa/bin:/home/thepiguy/.local/share/nvm/v16.3.0/bin/:/home/thepiguy/.local/bin/:/home/thepiguy/.deno/bin:/home/thepiguy/.cargo/bin:/home/thepiguy/.local/share/nvm/v16.3.0/bin/:/home/thepiguy/.local/bin/:/usr/local/sbin:/usr/local/bin:/usr/sbin:/usr/bin:/sbin:/bin:/usr/games:/usr/local/games:/mnt/c/Program Files/Common Files/Oracle/Java/javapath:/mnt/c/Program Files (x86)/Common Files/Intel/Shared Libraries/redist/intel64/compiler:/mnt/c/Program Files (x86)/Common Files/Oracle/Java/javapath:/mnt/c/Windows/system32:/mnt/c/Windows:/mnt/c/Windows/System32/Wbem:/mnt/c/Windows/System32/WindowsPowerShell/v1.0/:/mnt/c/Windows/System32/OpenSSH/:/mnt/c/Program Files (x86)/NVIDIA Corporation/PhysX/Common:/mnt/c/Program Files/NVIDIA Corporation/NVIDIA NvDLISR:/mnt/c/WINDOWS/system32:/mnt/c/WINDOWS:/mnt/c/WINDOWS/System32/Wbem:/mnt/c/WINDOWS/System32/WindowsPowerShell/v1.0/:/mnt/c/WINDOWS/System32/OpenSSH/:/mnt/c/Program Files/dotnet/:/mnt/c/Program Files/nodejs/:/mnt/c/ProgramData/chocolatey/bin:/mnt/c/Program Files/Git/cmd:/mnt/c/Program Files (x86)/Touch Portal/plugins/adb/platform-tools:/mnt/c/MinGW/bin:/mnt/c/Program Files/PowerShell/7/:/mnt/c/Users/kunal/.poetry/bin:/mnt/c/Windows/Microsoft.NET/Framework64/v4.0.30319:/mnt/c/Users/kunal/Documents/ffmpeg-4.3.1-2020-11-08-full_build/bin:/mnt/c/Users/kunal/AppData/Local/Programs/Python/Python39:/mnt/c/Users/kunal/AppData/Local/Programs/Python/Python39/Scripts:/mnt/c/Program Files (x86)/QuickTime/QTSystem/:/mnt/c/Users/kunal/AppData/Local/Programs/Microsoft VS Code/bin:/mnt/c/Users/kunal/Documents/My Bin/bin:/mnt/c/Users/kunal/Documents/Neovim/bin:/mnt/c/Users/kunal/Documents/flutter/bin:/mnt/c/Gradle/gradle-7.0.1/bin:/mnt/c/Program Files/Git LFS:/mnt/c/Program Files/Docker/Docker/resources/bin:/mnt/c/ProgramData/DockerDesktop/version-bin:/mnt/c/Users/kunal/AppData/Local/Programs/Python/Python39/Scripts/:/mnt/c/Users/kunal/AppData/Local/Programs/Python/Python39/:/mnt/c/Users/kunal/.poetry/bin:/mnt/c/Ruby27-x64/bin:/mnt/c/Users/kunal/AppData/Local/Microsoft/WindowsApps:/mnt/c/Users/kunal/AppData/Local/atom/bin:/mnt/c/Users/kunal/AppData/Local/Microsoft/WindowsApps:/mnt/c/Users/kunal/.dotnet/tools:/mnt/c/Users/kunal/AppData/Local/GitHubDesktop/bin:/mnt/c/Users/kunal/AppData/Roaming/npm:/mnt/c/Program Files (x86)/GitHub CLI/:/mnt/c/Users/kunal/AppData/Roaming/cabal/bin:/mnt/c/ProgramData/chocolatey/lib/ghc/tools/ghc-8.10.2/bin:/mnt/c/tools/msys64:/mnt/c/tools/neovim/Neovim/bin:/mnt/c/Users/kunal/AppData/Local/hyper/app-3.0.2/resources/bin
# environment
VSCODE_LOG_STACK = false
# environment
VSCODE_IPC_HOOK_CLI = /tmp/vscode-ipc-074a42a8-fe31-4061-8a81-db5930d6f58d.sock
# default
.FEATURES := target-specific order-only second-expansion else-if shortest-stem undefine oneshell archives jobserver output-sync check-symlink load
# automatic
%F = $(notdir $%)
# environment
VSCODE_PIPE_LOGGING = true
# environment
PWD = /home/thepiguy/wyvern
# default
.LOADED := 
# environment
WSL_INTEROP = /run/WSL/10_interop
# environment
VSCODE_AMD_ENTRYPOINT = vs/server/remoteExtensionHostProcess
# environment
HOME = /home/thepiguy
# environment
LOGNAME = thepiguy
# environment
APPLICATION_INSIGHTS_NO_DIAGNOSTIC_CHANNEL = true
# environment
VSCODE_HANDLES_UNCAUGHT_ERRORS = true
# automatic
^D = $(patsubst %/,%,$(dir $^))
# environment
MAKELEVEL := 0
# default
MAKE = $(MAKE_COMMAND)
# default
MAKECMDGOALS := all
# environment
SHLVL = 2
# default
MAKE_VERSION := 4.2.1
# environment
USER = thepiguy
# makefile
.DEFAULT_GOAL := serve
# environment
OMF_CONFIG = /home/thepiguy/.config/omf
# environment
NAME = KunalsPC
# automatic
%D = $(patsubst %/,%,$(dir $%))
# environment
VSCODE_WSL_EXT_LOCATION = /mnt/c/Users/kunal/.vscode/extensions/ms-vscode-remote.remote-wsl-0.58.2
# default
MAKE_COMMAND := make
# default
.VARIABLES := 
# automatic
*F = $(notdir $*)
# makefile
MAKEFLAGS = pqrR
# environment
MFLAGS = -pqrR
# automatic
*D = $(patsubst %/,%,$(dir $*))
# automatic
+D = $(patsubst %/,%,$(dir $+))
# automatic
+F = $(notdir $+)
# default
MAKEFILES := 
# automatic
<F = $(notdir $<)
# environment
LC_ALL = C
# environment
HOSTTYPE = x86_64
# automatic
^F = $(notdir $^)
# default
SUFFIXES := 
# default
.INCLUDE_DIRS = /usr/include /usr/local/include /usr/include
# environment
VSCODE_INJECT_NODE_MODULE_LOOKUP_PATH = /home/thepiguy/.vscode-server/bin/3866c3553be8b268c8a7f8c0482c0c0177aa8bfa/remote/node_modules
# default
.RECIPEPREFIX := 
# environment
LANG = C
# environment
TERM = xterm-256color
# environment
VSCODE_EXTHOST_WILL_SEND_SOCKET = true
# environment
WSL_DISTRO_NAME = Ubuntu-20.04
# variable set hash-table stats:
# Load=66/1024=6%, Rehash=0, Collisions=4/91=4%

# Pattern-specific Variable Values

# No pattern-specific variable values.

# Directories

# . (device 2064, inode 184424): 21 files, no impossibilities.

# 21 files, no impossibilities in 1 directories.

# Implicit Rules

# No implicit rules.

# Files

# Not a target:
all:
#  Command line target.
#  Implicit rule search has been done.
#  File does not exist.
#  File has not been updated.

# Not a target:
makefile:
#  Implicit rule search has been done.
#  Last modified 2021-07-09 19:44:56.48
#  File has been updated.
#  Successfully updated.

# Not a target:
.DEFAULT:
#  Implicit rule search has not been done.
#  Modification time never checked.
#  File has not been updated.

serve:
#  Implicit rule search has not been done.
#  Modification time never checked.
#  File has not been updated.
#  recipe to execute (from 'makefile', line 2):
	npm run dev

# files hash-table stats:
# Load=5/1024=0%, Rehash=0, Collisions=0/15=0%
# VPATH Search Paths

# No 'vpath' search paths.

# No general ('VPATH' variable) search path.

# strcache buffers: 1 (0) / strings = 27 / storage = 272 B / avg = 10 B
# current buf: size = 8162 B / used = 272 B / count = 27 / avg = 10 B

# strcache performance: lookups = 32 / hit rate = 15%
# hash-table stats:
# Load=27/8192=0%, Rehash=0, Collisions=1/32=3%
# Finished Make data base on Sat Aug 21 15:41:12 2021

 
